Started at Sat Dec 03 01:48:22 UTC 2022
Processing declarative pipeline
Offering declarative pipeline to Project Build Discarder
Processing job1
Offering job1 to Project Build Discarder
Processing job2
Offering job2 to Project Build Discarder
Processing new job pipeline
Offering new job pipeline to Project Build Discarder
Processing tomcat
Offering tomcat to Project Build Discarder
Finished at Sat Dec 03 01:48:22 UTC 2022. 20ms
Started at Sat Dec 03 02:48:22 UTC 2022
Processing declarative pipeline
Offering declarative pipeline to Project Build Discarder
Processing job1
Offering job1 to Project Build Discarder
Processing job2
Offering job2 to Project Build Discarder
Processing new job pipeline
Offering new job pipeline to Project Build Discarder
Processing tomcat
Offering tomcat to Project Build Discarder
Finished at Sat Dec 03 02:48:22 UTC 2022. 2ms
